{"name":"Test Case 2","status":"skipped","statusDetails":{"known":false,"muted":false,"flaky":false,"message":"Expected text:https://www.facebook.com/MusalaSoft?fref=ts is not equal actual:https://www.musala.com/company/ expected [https://www.facebook.com/MusalaSoft?fref=ts] but found [https://www.musala.com/company/]","trace":"java.lang.AssertionError: Expected text:https://www.facebook.com/MusalaSoft?fref=ts is not equal actual:https://www.musala.com/company/ expected [https://www.facebook.com/MusalaSoft?fref=ts] but found [https://www.musala.com/company/]\r\n\tat org.testng.Assert.fail(Assert.java:110)\r\n\tat org.testng.Assert.failNotEquals(Assert.java:1413)\r\n\tat org.testng.Assert.assertEqualsImpl(Assert.java:149)\r\n\tat org.testng.Assert.assertEquals(Assert.java:131)\r\n\tat org.testng.Assert.assertEquals(Assert.java:655)\r\n\tat org.testng.asserts.Assertion$10.doAssert(Assertion.java:176)\r\n\tat org.testng.asserts.Assertion.executeAssert(Assertion.java:25)\r\n\tat org.testng.asserts.Assertion.doAssert(Assertion.java:12)\r\n\tat org.testng.asserts.Assertion.assertEquals(Assertion.java:172)\r\n\tat actions.AssertActions.assertUrl(AssertActions.java:35)\r\n\tat pages.Company.assertFbPageOpened(Company.java:50)\r\n\tat Runner2.TestCase2(Runner2.java:60)\r\n\tat sun.reflect.NativeMethodAccessorImpl.invoke0(Native Method)\r\n\tat sun.reflect.NativeMethodAccessorImpl.invoke(NativeMethodAccessorImpl.java:62)\r\n\tat sun.reflect.DelegatingMethodAccessorImpl.invoke(DelegatingMethodAccessorImpl.java:43)\r\n\tat java.lang.reflect.Method.invoke(Method.java:498)\r\n\tat org.testng.internal.invokers.MethodInvocationHelper.invokeMethod(MethodInvocationHelper.java:135)\r\n\tat org.testng.internal.invokers.TestInvoker.invokeMethod(TestInvoker.java:673)\r\n\tat org.testng.internal.invokers.TestInvoker.retryFailed(TestInvoker.java:262)\r\n\tat org.testng.internal.invokers.MethodRunner.runInSequence(MethodRunner.java:62)\r\n\tat org.testng.internal.invokers.TestInvoker$MethodInvocationAgent.invoke(TestInvoker.java:945)\r\n\tat org.testng.internal.invokers.TestInvoker.invokeTestMethods(TestInvoker.java:193)\r\n\tat org.testng.internal.invokers.TestMethodWorker.invokeTestMethods(TestMethodWorker.java:146)\r\n\tat org.testng.internal.invokers.TestMethodWorker.run(TestMethodWorker.java:128)\r\n\tat java.util.ArrayList.forEach(ArrayList.java:1259)\r\n\tat org.testng.TestRunner.privateRun(TestRunner.java:808)\r\n\tat org.testng.TestRunner.run(TestRunner.java:603)\r\n\tat org.testng.SuiteRunner.runTest(SuiteRunner.java:429)\r\n\tat org.testng.SuiteRunner.runSequentially(SuiteRunner.java:423)\r\n\tat org.testng.SuiteRunner.privateRun(SuiteRunner.java:383)\r\n\tat org.testng.SuiteRunner.run(SuiteRunner.java:326)\r\n\tat org.testng.SuiteRunnerWorker.runSuite(SuiteRunnerWorker.java:52)\r\n\tat org.testng.SuiteRunnerWorker.run(SuiteRunnerWorker.java:95)\r\n\tat org.testng.TestNG.runSuitesSequentially(TestNG.java:1249)\r\n\tat org.testng.TestNG.runSuitesLocally(TestNG.java:1169)\r\n\tat org.testng.TestNG.runSuites(TestNG.java:1092)\r\n\tat org.testng.TestNG.run(TestNG.java:1060)\r\n\tat com.intellij.rt.testng.IDEARemoteTestNG.run(IDEARemoteTestNG.java:66)\r\n\tat com.intellij.rt.testng.RemoteTestNGStarter.main(RemoteTestNGStarter.java:109)\r\n"},"stage":"finished","description":"Test Description: User validate company section","steps":[{"name":"User click company button","status":"passed","stage":"finished","steps":[],"attachments":[],"parameters":[],"start":1650862754577,"stop":1650862758487},{"name":"User assert company page url","status":"passed","stage":"finished","steps":[],"attachments":[],"parameters":[],"start":1650862758487,"stop":1650862758502},{"name":"User validate on leadership section","status":"passed","stage":"finished","steps":[],"attachments":[],"parameters":[],"start":1650862758502,"stop":1650862758591},{"name":"User click on facebook button","status":"passed","stage":"finished","steps":[],"attachments":[],"parameters":[],"start":1650862758591,"stop":1650862758994},{"name":"User assert facebook page opened","status":"failed","statusDetails":{"known":false,"muted":false,"flaky":false,"message":"Expected text:https://www.facebook.com/MusalaSoft?fref=ts is not equal actual:https://www.musala.com/company/ expected [https://www.facebook.com/MusalaSoft?fref=ts] but found [https://www.musala.com/company/]","trace":"java.lang.AssertionError: Expected text:https://www.facebook.com/MusalaSoft?fref=ts is not equal actual:https://www.musala.com/company/ expected [https://www.facebook.com/MusalaSoft?fref=ts] but found [https://www.musala.com/company/]\r\n\tat org.testng.Assert.fail(Assert.java:110)\r\n\tat org.testng.Assert.failNotEquals(Assert.java:1413)\r\n\tat org.testng.Assert.assertEqualsImpl(Assert.java:149)\r\n\tat org.testng.Assert.assertEquals(Assert.java:131)\r\n\tat org.testng.Assert.assertEquals(Assert.java:655)\r\n\tat org.testng.asserts.Assertion$10.doAssert(Assertion.java:176)\r\n\tat org.testng.asserts.Assertion.executeAssert(Assertion.java:25)\r\n\tat org.testng.asserts.Assertion.doAssert(Assertion.java:12)\r\n\tat org.testng.asserts.Assertion.assertEquals(Assertion.java:172)\r\n\tat actions.AssertActions.assertUrl(AssertActions.java:35)\r\n\tat pages.Company.assertFbPageOpened(Company.java:50)\r\n\tat Runner2.TestCase2(Runner2.java:60)\r\n\tat sun.reflect.NativeMethodAccessorImpl.invoke0(Native Method)\r\n\tat sun.reflect.NativeMethodAccessorImpl.invoke(NativeMethodAccessorImpl.java:62)\r\n\tat sun.reflect.DelegatingMethodAccessorImpl.invoke(DelegatingMethodAccessorImpl.java:43)\r\n\tat java.lang.reflect.Method.invoke(Method.java:498)\r\n\tat org.testng.internal.invokers.MethodInvocationHelper.invokeMethod(MethodInvocationHelper.java:135)\r\n\tat org.testng.internal.invokers.TestInvoker.invokeMethod(TestInvoker.java:673)\r\n\tat org.testng.internal.invokers.TestInvoker.retryFailed(TestInvoker.java:262)\r\n\tat org.testng.internal.invokers.MethodRunner.runInSequence(MethodRunner.java:62)\r\n\tat org.testng.internal.invokers.TestInvoker$MethodInvocationAgent.invoke(TestInvoker.java:945)\r\n\tat org.testng.internal.invokers.TestInvoker.invokeTestMethods(TestInvoker.java:193)\r\n\tat org.testng.internal.invokers.TestMethodWorker.invokeTestMethods(TestMethodWorker.java:146)\r\n\tat org.testng.internal.invokers.TestMethodWorker.run(TestMethodWorker.java:128)\r\n\tat java.util.ArrayList.forEach(ArrayList.java:1259)\r\n\tat org.testng.TestRunner.privateRun(TestRunner.java:808)\r\n\tat org.testng.TestRunner.run(TestRunner.java:603)\r\n\tat org.testng.SuiteRunner.runTest(SuiteRunner.java:429)\r\n\tat org.testng.SuiteRunner.runSequentially(SuiteRunner.java:423)\r\n\tat org.testng.SuiteRunner.privateRun(SuiteRunner.java:383)\r\n\tat org.testng.SuiteRunner.run(SuiteRunner.java:326)\r\n\tat org.testng.SuiteRunnerWorker.runSuite(SuiteRunnerWorker.java:52)\r\n\tat org.testng.SuiteRunnerWorker.run(SuiteRunnerWorker.java:95)\r\n\tat org.testng.TestNG.runSuitesSequentially(TestNG.java:1249)\r\n\tat org.testng.TestNG.runSuitesLocally(TestNG.java:1169)\r\n\tat org.testng.TestNG.runSuites(TestNG.java:1092)\r\n\tat org.testng.TestNG.run(TestNG.java:1060)\r\n\tat com.intellij.rt.testng.IDEARemoteTestNG.run(IDEARemoteTestNG.java:66)\r\n\tat com.intellij.rt.testng.RemoteTestNGStarter.main(RemoteTestNGStarter.java:109)\r\n"},"stage":"finished","steps":[],"attachments":[],"parameters":[],"start":1650862758994,"stop":1650862759029}],"attachments":[],"parameters":[{"name":"browser","value":"ch"}],"start":1650862754577,"stop":1650862759029,"uuid":"e0419ea1-e91d-47f7-9aa1-a7e427cda15d","historyId":"71c62cdb4431cdf2fb236b93e31e314d","fullName":"Runner2.TestCase2","labels":[{"name":"package","value":"Runner2"},{"name":"testClass","value":"Runner2"},{"name":"testMethod","value":"TestCase2"},{"name":"parentSuite","value":"Regression Suite"},{"name":"suite","value":"chrome"},{"name":"subSuite","value":"Runner2"},{"name":"host","value":"LAPTOP-0BUAG6A0"},{"name":"thread","value":"10196@LAPTOP-0BUAG6A0.main(1)"},{"name":"framework","value":"testng"},{"name":"language","value":"java"}],"links":[]}