{
  "uid" : "2fbf5fdeb337f088",
  "name" : "Test Case 2",
  "fullName" : "Runner2.TestCase2",
  "historyId" : "71c62cdb4431cdf2fb236b93e31e314d",
  "time" : {
    "start" : 1650862754577,
    "stop" : 1650862759029,
    "duration" : 4452
  },
  "description" : "Test Description: User validate company section",
  "descriptionHtml" : "<p>Test Description: User validate company section</p>\n",
  "status" : "skipped",
  "statusMessage" : "Expected text:https://www.facebook.com/MusalaSoft?fref=ts is not equal actual:https://www.musala.com/company/ expected [https://www.facebook.com/MusalaSoft?fref=ts] but found [https://www.musala.com/company/]",
  "statusTrace" : "java.lang.AssertionError: Expected text:https://www.facebook.com/MusalaSoft?fref=ts is not equal actual:https://www.musala.com/company/ expected [https://www.facebook.com/MusalaSoft?fref=ts] but found [https://www.musala.com/company/]\r\n\tat org.testng.Assert.fail(Assert.java:110)\r\n\tat org.testng.Assert.failNotEquals(Assert.java:1413)\r\n\tat org.testng.Assert.assertEqualsImpl(Assert.java:149)\r\n\tat org.testng.Assert.assertEquals(Assert.java:131)\r\n\tat org.testng.Assert.assertEquals(Assert.java:655)\r\n\tat org.testng.asserts.Assertion$10.doAssert(Assertion.java:176)\r\n\tat org.testng.asserts.Assertion.executeAssert(Assertion.java:25)\r\n\tat org.testng.asserts.Assertion.doAssert(Assertion.java:12)\r\n\tat org.testng.asserts.Assertion.assertEquals(Assertion.java:172)\r\n\tat actions.AssertActions.assertUrl(AssertActions.java:35)\r\n\tat pages.Company.assertFbPageOpened(Company.java:50)\r\n\tat Runner2.TestCase2(Runner2.java:60)\r\n\tat sun.reflect.NativeMethodAccessorImpl.invoke0(Native Method)\r\n\tat sun.reflect.NativeMethodAccessorImpl.invoke(NativeMethodAccessorImpl.java:62)\r\n\tat sun.reflect.DelegatingMethodAccessorImpl.invoke(DelegatingMethodAccessorImpl.java:43)\r\n\tat java.lang.reflect.Method.invoke(Method.java:498)\r\n\tat org.testng.internal.invokers.MethodInvocationHelper.invokeMethod(MethodInvocationHelper.java:135)\r\n\tat org.testng.internal.invokers.TestInvoker.invokeMethod(TestInvoker.java:673)\r\n\tat org.testng.internal.invokers.TestInvoker.retryFailed(TestInvoker.java:262)\r\n\tat org.testng.internal.invokers.MethodRunner.runInSequence(MethodRunner.java:62)\r\n\tat org.testng.internal.invokers.TestInvoker$MethodInvocationAgent.invoke(TestInvoker.java:945)\r\n\tat org.testng.internal.invokers.TestInvoker.invokeTestMethods(TestInvoker.java:193)\r\n\tat org.testng.internal.invokers.TestMethodWorker.invokeTestMethods(TestMethodWorker.java:146)\r\n\tat org.testng.internal.invokers.TestMethodWorker.run(TestMethodWorker.java:128)\r\n\tat java.util.ArrayList.forEach(ArrayList.java:1259)\r\n\tat org.testng.TestRunner.privateRun(TestRunner.java:808)\r\n\tat org.testng.TestRunner.run(TestRunner.java:603)\r\n\tat org.testng.SuiteRunner.runTest(SuiteRunner.java:429)\r\n\tat org.testng.SuiteRunner.runSequentially(SuiteRunner.java:423)\r\n\tat org.testng.SuiteRunner.privateRun(SuiteRunner.java:383)\r\n\tat org.testng.SuiteRunner.run(SuiteRunner.java:326)\r\n\tat org.testng.SuiteRunnerWorker.runSuite(SuiteRunnerWorker.java:52)\r\n\tat org.testng.SuiteRunnerWorker.run(SuiteRunnerWorker.java:95)\r\n\tat org.testng.TestNG.runSuitesSequentially(TestNG.java:1249)\r\n\tat org.testng.TestNG.runSuitesLocally(TestNG.java:1169)\r\n\tat org.testng.TestNG.runSuites(TestNG.java:1092)\r\n\tat org.testng.TestNG.run(TestNG.java:1060)\r\n\tat com.intellij.rt.testng.IDEARemoteTestNG.run(IDEARemoteTestNG.java:66)\r\n\tat com.intellij.rt.testng.RemoteTestNGStarter.main(RemoteTestNGStarter.java:109)\r\n",
  "flaky" : false,
  "newFailed" : false,
  "newBroken" : false,
  "newPassed" : false,
  "retriesCount" : 0,
  "retriesStatusChange" : false,
  "beforeStages" : [ {
    "name" : "refresh",
    "time" : {
      "start" : 1650862750238,
      "stop" : 1650862754560,
      "duration" : 4322
    },
    "description" : "",
    "status" : "passed",
    "steps" : [ {
      "name" : "Musala url open",
      "time" : {
        "start" : 1650862750238,
        "stop" : 1650862754560,
        "duration" : 4322
      },
      "status" : "passed",
      "steps" : [ ],
      "attachments" : [ ],
      "parameters" : [ ],
      "attachmentsCount" : 0,
      "shouldDisplayMessage" : false,
      "hasContent" : false,
      "stepsCount" : 0
    } ],
    "attachments" : [ ],
    "parameters" : [ ],
    "attachmentsCount" : 0,
    "shouldDisplayMessage" : false,
    "hasContent" : true,
    "stepsCount" : 1
  } ],
  "testStage" : {
    "description" : "Test Description: User validate company section",
    "status" : "skipped",
    "statusMessage" : "Expected text:https://www.facebook.com/MusalaSoft?fref=ts is not equal actual:https://www.musala.com/company/ expected [https://www.facebook.com/MusalaSoft?fref=ts] but found [https://www.musala.com/company/]",
    "statusTrace" : "java.lang.AssertionError: Expected text:https://www.facebook.com/MusalaSoft?fref=ts is not equal actual:https://www.musala.com/company/ expected [https://www.facebook.com/MusalaSoft?fref=ts] but found [https://www.musala.com/company/]\r\n\tat org.testng.Assert.fail(Assert.java:110)\r\n\tat org.testng.Assert.failNotEquals(Assert.java:1413)\r\n\tat org.testng.Assert.assertEqualsImpl(Assert.java:149)\r\n\tat org.testng.Assert.assertEquals(Assert.java:131)\r\n\tat org.testng.Assert.assertEquals(Assert.java:655)\r\n\tat org.testng.asserts.Assertion$10.doAssert(Assertion.java:176)\r\n\tat org.testng.asserts.Assertion.executeAssert(Assertion.java:25)\r\n\tat org.testng.asserts.Assertion.doAssert(Assertion.java:12)\r\n\tat org.testng.asserts.Assertion.assertEquals(Assertion.java:172)\r\n\tat actions.AssertActions.assertUrl(AssertActions.java:35)\r\n\tat pages.Company.assertFbPageOpened(Company.java:50)\r\n\tat Runner2.TestCase2(Runner2.java:60)\r\n\tat sun.reflect.NativeMethodAccessorImpl.invoke0(Native Method)\r\n\tat sun.reflect.NativeMethodAccessorImpl.invoke(NativeMethodAccessorImpl.java:62)\r\n\tat sun.reflect.DelegatingMethodAccessorImpl.invoke(DelegatingMethodAccessorImpl.java:43)\r\n\tat java.lang.reflect.Method.invoke(Method.java:498)\r\n\tat org.testng.internal.invokers.MethodInvocationHelper.invokeMethod(MethodInvocationHelper.java:135)\r\n\tat org.testng.internal.invokers.TestInvoker.invokeMethod(TestInvoker.java:673)\r\n\tat org.testng.internal.invokers.TestInvoker.retryFailed(TestInvoker.java:262)\r\n\tat org.testng.internal.invokers.MethodRunner.runInSequence(MethodRunner.java:62)\r\n\tat org.testng.internal.invokers.TestInvoker$MethodInvocationAgent.invoke(TestInvoker.java:945)\r\n\tat org.testng.internal.invokers.TestInvoker.invokeTestMethods(TestInvoker.java:193)\r\n\tat org.testng.internal.invokers.TestMethodWorker.invokeTestMethods(TestMethodWorker.java:146)\r\n\tat org.testng.internal.invokers.TestMethodWorker.run(TestMethodWorker.java:128)\r\n\tat java.util.ArrayList.forEach(ArrayList.java:1259)\r\n\tat org.testng.TestRunner.privateRun(TestRunner.java:808)\r\n\tat org.testng.TestRunner.run(TestRunner.java:603)\r\n\tat org.testng.SuiteRunner.runTest(SuiteRunner.java:429)\r\n\tat org.testng.SuiteRunner.runSequentially(SuiteRunner.java:423)\r\n\tat org.testng.SuiteRunner.privateRun(SuiteRunner.java:383)\r\n\tat org.testng.SuiteRunner.run(SuiteRunner.java:326)\r\n\tat org.testng.SuiteRunnerWorker.runSuite(SuiteRunnerWorker.java:52)\r\n\tat org.testng.SuiteRunnerWorker.run(SuiteRunnerWorker.java:95)\r\n\tat org.testng.TestNG.runSuitesSequentially(TestNG.java:1249)\r\n\tat org.testng.TestNG.runSuitesLocally(TestNG.java:1169)\r\n\tat org.testng.TestNG.runSuites(TestNG.java:1092)\r\n\tat org.testng.TestNG.run(TestNG.java:1060)\r\n\tat com.intellij.rt.testng.IDEARemoteTestNG.run(IDEARemoteTestNG.java:66)\r\n\tat com.intellij.rt.testng.RemoteTestNGStarter.main(RemoteTestNGStarter.java:109)\r\n",
    "steps" : [ {
      "name" : "User click company button",
      "time" : {
        "start" : 1650862754577,
        "stop" : 1650862758487,
        "duration" : 3910
      },
      "status" : "passed",
      "steps" : [ ],
      "attachments" : [ ],
      "parameters" : [ ],
      "attachmentsCount" : 0,
      "shouldDisplayMessage" : false,
      "hasContent" : false,
      "stepsCount" : 0
    }, {
      "name" : "User assert company page url",
      "time" : {
        "start" : 1650862758487,
        "stop" : 1650862758502,
        "duration" : 15
      },
      "status" : "passed",
      "steps" : [ ],
      "attachments" : [ ],
      "parameters" : [ ],
      "attachmentsCount" : 0,
      "shouldDisplayMessage" : false,
      "hasContent" : false,
      "stepsCount" : 0
    }, {
      "name" : "User validate on leadership section",
      "time" : {
        "start" : 1650862758502,
        "stop" : 1650862758591,
        "duration" : 89
      },
      "status" : "passed",
      "steps" : [ ],
      "attachments" : [ ],
      "parameters" : [ ],
      "attachmentsCount" : 0,
      "shouldDisplayMessage" : false,
      "hasContent" : false,
      "stepsCount" : 0
    }, {
      "name" : "User click on facebook button",
      "time" : {
        "start" : 1650862758591,
        "stop" : 1650862758994,
        "duration" : 403
      },
      "status" : "passed",
      "steps" : [ ],
      "attachments" : [ ],
      "parameters" : [ ],
      "attachmentsCount" : 0,
      "shouldDisplayMessage" : false,
      "hasContent" : false,
      "stepsCount" : 0
    }, {
      "name" : "User assert facebook page opened",
      "time" : {
        "start" : 1650862758994,
        "stop" : 1650862759029,
        "duration" : 35
      },
      "status" : "failed",
      "statusMessage" : "Expected text:https://www.facebook.com/MusalaSoft?fref=ts is not equal actual:https://www.musala.com/company/ expected [https://www.facebook.com/MusalaSoft?fref=ts] but found [https://www.musala.com/company/]",
      "statusTrace" : "java.lang.AssertionError: Expected text:https://www.facebook.com/MusalaSoft?fref=ts is not equal actual:https://www.musala.com/company/ expected [https://www.facebook.com/MusalaSoft?fref=ts] but found [https://www.musala.com/company/]\r\n\tat org.testng.Assert.fail(Assert.java:110)\r\n\tat org.testng.Assert.failNotEquals(Assert.java:1413)\r\n\tat org.testng.Assert.assertEqualsImpl(Assert.java:149)\r\n\tat org.testng.Assert.assertEquals(Assert.java:131)\r\n\tat org.testng.Assert.assertEquals(Assert.java:655)\r\n\tat org.testng.asserts.Assertion$10.doAssert(Assertion.java:176)\r\n\tat org.testng.asserts.Assertion.executeAssert(Assertion.java:25)\r\n\tat org.testng.asserts.Assertion.doAssert(Assertion.java:12)\r\n\tat org.testng.asserts.Assertion.assertEquals(Assertion.java:172)\r\n\tat actions.AssertActions.assertUrl(AssertActions.java:35)\r\n\tat pages.Company.assertFbPageOpened(Company.java:50)\r\n\tat Runner2.TestCase2(Runner2.java:60)\r\n\tat sun.reflect.NativeMethodAccessorImpl.invoke0(Native Method)\r\n\tat sun.reflect.NativeMethodAccessorImpl.invoke(NativeMethodAccessorImpl.java:62)\r\n\tat sun.reflect.DelegatingMethodAccessorImpl.invoke(DelegatingMethodAccessorImpl.java:43)\r\n\tat java.lang.reflect.Method.invoke(Method.java:498)\r\n\tat org.testng.internal.invokers.MethodInvocationHelper.invokeMethod(MethodInvocationHelper.java:135)\r\n\tat org.testng.internal.invokers.TestInvoker.invokeMethod(TestInvoker.java:673)\r\n\tat org.testng.internal.invokers.TestInvoker.retryFailed(TestInvoker.java:262)\r\n\tat org.testng.internal.invokers.MethodRunner.runInSequence(MethodRunner.java:62)\r\n\tat org.testng.internal.invokers.TestInvoker$MethodInvocationAgent.invoke(TestInvoker.java:945)\r\n\tat org.testng.internal.invokers.TestInvoker.invokeTestMethods(TestInvoker.java:193)\r\n\tat org.testng.internal.invokers.TestMethodWorker.invokeTestMethods(TestMethodWorker.java:146)\r\n\tat org.testng.internal.invokers.TestMethodWorker.run(TestMethodWorker.java:128)\r\n\tat java.util.ArrayList.forEach(ArrayList.java:1259)\r\n\tat org.testng.TestRunner.privateRun(TestRunner.java:808)\r\n\tat org.testng.TestRunner.run(TestRunner.java:603)\r\n\tat org.testng.SuiteRunner.runTest(SuiteRunner.java:429)\r\n\tat org.testng.SuiteRunner.runSequentially(SuiteRunner.java:423)\r\n\tat org.testng.SuiteRunner.privateRun(SuiteRunner.java:383)\r\n\tat org.testng.SuiteRunner.run(SuiteRunner.java:326)\r\n\tat org.testng.SuiteRunnerWorker.runSuite(SuiteRunnerWorker.java:52)\r\n\tat org.testng.SuiteRunnerWorker.run(SuiteRunnerWorker.java:95)\r\n\tat org.testng.TestNG.runSuitesSequentially(TestNG.java:1249)\r\n\tat org.testng.TestNG.runSuitesLocally(TestNG.java:1169)\r\n\tat org.testng.TestNG.runSuites(TestNG.java:1092)\r\n\tat org.testng.TestNG.run(TestNG.java:1060)\r\n\tat com.intellij.rt.testng.IDEARemoteTestNG.run(IDEARemoteTestNG.java:66)\r\n\tat com.intellij.rt.testng.RemoteTestNGStarter.main(RemoteTestNGStarter.java:109)\r\n",
      "steps" : [ ],
      "attachments" : [ ],
      "parameters" : [ ],
      "attachmentsCount" : 0,
      "shouldDisplayMessage" : true,
      "hasContent" : true,
      "stepsCount" : 0
    } ],
    "attachments" : [ ],
    "parameters" : [ ],
    "attachmentsCount" : 0,
    "shouldDisplayMessage" : false,
    "hasContent" : true,
    "stepsCount" : 5
  },
  "afterStages" : [ {
    "name" : "report",
    "time" : {
      "start" : 1650862759038,
      "stop" : 1650862759244,
      "duration" : 206
    },
    "description" : "",
    "status" : "passed",
    "steps" : [ ],
    "attachments" : [ ],
    "parameters" : [ ],
    "attachmentsCount" : 0,
    "shouldDisplayMessage" : false,
    "hasContent" : false,
    "stepsCount" : 0
  } ],
  "labels" : [ {
    "name" : "package",
    "value" : "Runner2"
  }, {
    "name" : "testClass",
    "value" : "Runner2"
  }, {
    "name" : "testMethod",
    "value" : "TestCase2"
  }, {
    "name" : "parentSuite",
    "value" : "Regression Suite"
  }, {
    "name" : "suite",
    "value" : "chrome"
  }, {
    "name" : "subSuite",
    "value" : "Runner2"
  }, {
    "name" : "host",
    "value" : "LAPTOP-0BUAG6A0"
  }, {
    "name" : "thread",
    "value" : "10196@LAPTOP-0BUAG6A0.main(1)"
  }, {
    "name" : "framework",
    "value" : "testng"
  }, {
    "name" : "language",
    "value" : "java"
  }, {
    "name" : "resultFormat",
    "value" : "allure2"
  } ],
  "parameters" : [ {
    "name" : "browser",
    "value" : "ch"
  } ],
  "links" : [ ],
  "hidden" : false,
  "retry" : false,
  "extra" : {
    "severity" : "normal",
    "retries" : [ ],
    "categories" : [ ],
    "tags" : [ ]
  },
  "source" : "2fbf5fdeb337f088.json",
  "parameterValues" : [ "ch" ]
}